<?xml version="1.0" encoding="UTF-8"?>
<!-- Generated by org.testng.reporters.JUnitXMLReporter -->
<testsuite ignored="1" hostname="DESKTOP-RPMO6KI" failures="0" tests="4" name="All" time="0.049" errors="0" timestamp="2022-05-23T11:29:53 IST">
  <testcase classname="testNGDemo.Annotations" name="zTest" time="0.002"/>
  <testcase classname="testNGDemo.Annotations" name="abctest" time="0.002"/>
  <testcase classname="testNGDemo.Annotations" name="test" time="0.004"/>
  <testcase classname="testNGDemo.Annotations" name="dependsMethods" time="0.002"/>
  <testcase classname="testNGDemo.Annotations" name="test3" time="0.0">
    <ignored/>
  </testcase> <!-- test3 -->
</testsuite> <!-- All -->
