<?xml version="1.0" encoding="UTF-8"?>
<!-- Generated by org.testng.reporters.JUnitXMLReporter -->
<testsuite ignored="1" hostname="DESKTOP-RPMO6KI" failures="0" tests="2" name="Car loan" time="0.02" errors="0" timestamp="2022-05-23T10:04:55 IST">
  <testcase classname="testNGDemo.CarLoan" name="tata" time="0.003"/>
  <testcase classname="testNGDemo.CarLoan" name="toyota" time="0.003"/>
  <testcase classname="testNGDemo.CarLoan" name="suzuki" time="0.0">
    <ignored/>
  </testcase> <!-- suzuki -->
</testsuite> <!-- Car loan -->
