<?xml version="1.0" encoding="UTF-8"?>
<!-- Generated by org.testng.reporters.JUnitXMLReporter -->
<testsuite ignored="0" hostname="DESKTOP-RPMO6KI" failures="0" tests="3" name="NewTestDemo" time="0.027" errors="0" timestamp="2022-05-23T09:56:26 IST">
  <testcase classname="testNGDemo.CarLoan" name="Suzuki" time="0.002"/>
  <testcase classname="testNGDemo.CarLoan" name="tata" time="0.004"/>
  <testcase classname="testNGDemo.CarLoan" name="toyota" time="0.003"/>
</testsuite> <!-- NewTestDemo -->
