<?xml version="1.0" encoding="UTF-8"?>
<!-- Generated by org.testng.reporters.JUnitXMLReporter -->
<testsuite ignored="3" hostname="DESKTOP-RPMO6KI" failures="0" tests="2" name="Smoke" time="0.016" errors="0" timestamp="2022-05-23T11:29:53 IST">
  <testcase classname="testNGDemo.Annotations" name="abctest" time="0.003"/>
  <testcase classname="testNGDemo.Annotations" name="test" time="0.003"/>
  <testcase classname="testNGDemo.Annotations" name="zTest" time="0.0">
    <ignored/>
  </testcase> <!-- zTest -->
  <testcase classname="testNGDemo.Annotations" name="dependsMethods" time="0.0">
    <ignored/>
  </testcase> <!-- dependsMethods -->
  <testcase classname="testNGDemo.Annotations" name="test3" time="0.0">
    <ignored/>
  </testcase> <!-- test3 -->
</testsuite> <!-- Smoke -->
