<?xml version="1.0" encoding="UTF-8"?>
<!-- Generated by org.testng.reporters.JUnitXMLReporter -->
<testsuite ignored="4" hostname="DESKTOP-RPMO6KI" failures="0" tests="2" name="Test" time="0.103" errors="0" timestamp="2022-05-24T11:05:43 IST">
  <testcase classname="testNGDemo.Annotations" name="abctest" time="0.012"/>
  <testcase classname="testNGDemo.Annotations" name="zTest" time="0.004"/>
  <testcase classname="testNGDemo.Annotations" name="dependsMethods" time="0.0">
    <ignored/>
  </testcase> <!-- dependsMethods -->
  <testcase classname="testNGDemo.Annotations" name="test" time="0.0">
    <ignored/>
  </testcase> <!-- test -->
  <testcase classname="testNGDemo.Annotations" name="dataPar" time="0.0">
    <ignored/>
  </testcase> <!-- dataPar -->
  <testcase classname="testNGDemo.Annotations" name="test3" time="0.0">
    <ignored/>
  </testcase> <!-- test3 -->
</testsuite> <!-- Test -->
