<?xml version="1.0" encoding="UTF-8"?>
<testng-results ignored="8" total="22" passed="14" failed="0" skipped="0">
  <reporter-output>
  </reporter-output>
  <suite started-at="2022-05-24T11:05:43 IST" name="Suite" finished-at="2022-05-24T11:05:43 IST" duration-ms="360">
    <groups>
      <group name="test">
        <method signature="Annotations.abctest()[pri:0, instance:testNGDemo.Annotations@5158b42f]" name="abctest" class="testNGDemo.Annotations"/>
        <method signature="Annotations.zTest(java.lang.String)[pri:0, instance:testNGDemo.Annotations@5158b42f]" name="zTest" class="testNGDemo.Annotations"/>
        <method signature="Annotations.abctest()[pri:0, instance:testNGDemo.Annotations@692f203f]" name="abctest" class="testNGDemo.Annotations"/>
        <method signature="Annotations.abctest()[pri:0, instance:testNGDemo.Annotations@443118b0]" name="abctest" class="testNGDemo.Annotations"/>
        <method signature="Annotations.zTest(java.lang.String)[pri:0, instance:testNGDemo.Annotations@443118b0]" name="zTest" class="testNGDemo.Annotations"/>
      </group> <!-- test -->
      <group name="smoke">
        <method signature="Annotations.abctest()[pri:0, instance:testNGDemo.Annotations@5158b42f]" name="abctest" class="testNGDemo.Annotations"/>
        <method signature="Annotations.abctest()[pri:0, instance:testNGDemo.Annotations@692f203f]" name="abctest" class="testNGDemo.Annotations"/>
        <method signature="Annotations.dataPar(java.lang.String,java.lang.String)[pri:0, instance:testNGDemo.Annotations@692f203f]" name="dataPar" class="testNGDemo.Annotations"/>
        <method signature="Annotations.test(java.lang.String)[pri:0, instance:testNGDemo.Annotations@692f203f]" name="test" class="testNGDemo.Annotations"/>
        <method signature="Annotations.abctest()[pri:0, instance:testNGDemo.Annotations@443118b0]" name="abctest" class="testNGDemo.Annotations"/>
        <method signature="Annotations.dataPar(java.lang.String,java.lang.String)[pri:0, instance:testNGDemo.Annotations@443118b0]" name="dataPar" class="testNGDemo.Annotations"/>
        <method signature="Annotations.test(java.lang.String)[pri:0, instance:testNGDemo.Annotations@443118b0]" name="test" class="testNGDemo.Annotations"/>
      </group> <!-- smoke -->
    </groups>
    <test started-at="2022-05-24T11:05:43 IST" name="Test" finished-at="2022-05-24T11:05:43 IST" duration-ms="103">
      <class name="testNGDemo.Annotations">
        <test-method signature="abctest()[pri:0, instance:testNGDemo.Annotations@5158b42f]" started-at="2022-05-24T11:05:43 IST" name="abctest" finished-at="2022-05-24T11:05:43 IST" duration-ms="12" status="PASS">
          <reporter-output>
          </reporter-output>
        </test-method> <!-- abctest -->
        <test-method signature="zTest(java.lang.String)[pri:0, instance:testNGDemo.Annotations@5158b42f]" started-at="2022-05-24T11:05:43 IST" name="zTest" finished-at="2022-05-24T11:05:43 IST" duration-ms="4" status="PASS">
          <params>
            <param index="0">
              <value>
                <![CDATA[https://www.google.com]]>
              </value>
            </param>
          </params>
          <reporter-output>
          </reporter-output>
        </test-method> <!-- zTest -->
      </class> <!-- testNGDemo.Annotations -->
    </test> <!-- Test -->
    <test started-at="2022-05-24T11:05:43 IST" name="Smoke" finished-at="2022-05-24T11:05:43 IST" duration-ms="37">
      <class name="testNGDemo.Annotations">
        <test-method signature="abctest()[pri:0, instance:testNGDemo.Annotations@692f203f]" started-at="2022-05-24T11:05:43 IST" name="abctest" finished-at="2022-05-24T11:05:43 IST" duration-ms="3" status="PASS">
          <reporter-output>
          </reporter-output>
        </test-method> <!-- abctest -->
        <test-method signature="dataPar(java.lang.String,java.lang.String)[pri:0, instance:testNGDemo.Annotations@692f203f]" started-at="2022-05-24T11:05:43 IST" name="dataPar" data-provider="getData" finished-at="2022-05-24T11:05:43 IST" duration-ms="2" status="PASS">
          <params>
            <param index="0">
              <value>
                <![CDATA[A]]>
              </value>
            </param>
            <param index="1">
              <value>
                <![CDATA[aZ]]>
              </value>
            </param>
          </params>
          <reporter-output>
          </reporter-output>
        </test-method> <!-- dataPar -->
        <test-method signature="dataPar(java.lang.String,java.lang.String)[pri:0, instance:testNGDemo.Annotations@692f203f]" started-at="2022-05-24T11:05:43 IST" name="dataPar" data-provider="getData" finished-at="2022-05-24T11:05:43 IST" duration-ms="4" status="PASS">
          <params>
            <param index="0">
              <value>
                <![CDATA[B]]>
              </value>
            </param>
            <param index="1">
              <value>
                <![CDATA[bZ]]>
              </value>
            </param>
          </params>
          <reporter-output>
          </reporter-output>
        </test-method> <!-- dataPar -->
        <test-method signature="dataPar(java.lang.String,java.lang.String)[pri:0, instance:testNGDemo.Annotations@692f203f]" started-at="2022-05-24T11:05:43 IST" name="dataPar" data-provider="getData" finished-at="2022-05-24T11:05:43 IST" duration-ms="3" status="PASS">
          <params>
            <param index="0">
              <value>
                <![CDATA[C]]>
              </value>
            </param>
            <param index="1">
              <value>
                <![CDATA[cZ]]>
              </value>
            </param>
          </params>
          <reporter-output>
          </reporter-output>
        </test-method> <!-- dataPar -->
        <test-method signature="test(java.lang.String)[pri:0, instance:testNGDemo.Annotations@692f203f]" started-at="2022-05-24T11:05:43 IST" name="test" finished-at="2022-05-24T11:05:43 IST" duration-ms="2" status="PASS">
          <params>
            <param index="0">
              <value>
                <![CDATA[https://www.googlemaps.com]]>
              </value>
            </param>
          </params>
          <reporter-output>
          </reporter-output>
        </test-method> <!-- test -->
      </class> <!-- testNGDemo.Annotations -->
    </test> <!-- Smoke -->
    <test started-at="2022-05-24T11:05:43 IST" name="All" finished-at="2022-05-24T11:05:43 IST" duration-ms="68">
      <class name="testNGDemo.Annotations">
        <test-method is-config="true" signature="beforeSuite()[pri:0, instance:testNGDemo.Annotations@443118b0]" started-at="2022-05-24T11:05:43 IST" name="beforeSuite" finished-at="2022-05-24T11:05:43 IST" duration-ms="20" status="PASS">
          <reporter-output>
          </reporter-output>
        </test-method> <!-- beforeSuite -->
        <test-method is-config="true" signature="beforeTest()[pri:0, instance:testNGDemo.Annotations@443118b0]" started-at="2022-05-24T11:05:43 IST" name="beforeTest" finished-at="2022-05-24T11:05:43 IST" duration-ms="0" status="PASS">
          <reporter-output>
          </reporter-output>
        </test-method> <!-- beforeTest -->
        <test-method is-config="true" signature="beforeClass()[pri:0, instance:testNGDemo.Annotations@443118b0]" started-at="2022-05-24T11:05:43 IST" name="beforeClass" finished-at="2022-05-24T11:05:43 IST" duration-ms="0" status="PASS">
          <reporter-output>
          </reporter-output>
        </test-method> <!-- beforeClass -->
        <test-method is-config="true" signature="beforeMethod()[pri:0, instance:testNGDemo.Annotations@443118b0]" started-at="2022-05-24T11:05:43 IST" name="beforeMethod" finished-at="2022-05-24T11:05:43 IST" duration-ms="1" status="PASS">
          <reporter-output>
          </reporter-output>
        </test-method> <!-- beforeMethod -->
        <test-method signature="abctest()[pri:0, instance:testNGDemo.Annotations@443118b0]" started-at="2022-05-24T11:05:43 IST" name="abctest" finished-at="2022-05-24T11:05:43 IST" duration-ms="4" status="PASS">
          <reporter-output>
          </reporter-output>
        </test-method> <!-- abctest -->
        <test-method is-config="true" signature="afterMethod()[pri:0, instance:testNGDemo.Annotations@443118b0]" started-at="2022-05-24T11:05:43 IST" name="afterMethod" finished-at="2022-05-24T11:05:43 IST" duration-ms="1" status="PASS">
          <reporter-output>
          </reporter-output>
        </test-method> <!-- afterMethod -->
        <test-method is-config="true" signature="beforeMethod()[pri:0, instance:testNGDemo.Annotations@443118b0]" started-at="2022-05-24T11:05:43 IST" name="beforeMethod" finished-at="2022-05-24T11:05:43 IST" duration-ms="0" status="PASS">
          <reporter-output>
          </reporter-output>
        </test-method> <!-- beforeMethod -->
        <test-method signature="dataPar(java.lang.String,java.lang.String)[pri:0, instance:testNGDemo.Annotations@443118b0]" started-at="2022-05-24T11:05:43 IST" name="dataPar" data-provider="getData" finished-at="2022-05-24T11:05:43 IST" duration-ms="1" status="PASS">
          <params>
            <param index="0">
              <value>
                <![CDATA[A]]>
              </value>
            </param>
            <param index="1">
              <value>
                <![CDATA[aZ]]>
              </value>
            </param>
          </params>
          <reporter-output>
          </reporter-output>
        </test-method> <!-- dataPar -->
        <test-method is-config="true" signature="afterMethod()[pri:0, instance:testNGDemo.Annotations@443118b0]" started-at="2022-05-24T11:05:43 IST" name="afterMethod" finished-at="2022-05-24T11:05:43 IST" duration-ms="0" status="PASS">
          <reporter-output>
          </reporter-output>
        </test-method> <!-- afterMethod -->
        <test-method is-config="true" signature="beforeMethod()[pri:0, instance:testNGDemo.Annotations@443118b0]" started-at="2022-05-24T11:05:43 IST" name="beforeMethod" finished-at="2022-05-24T11:05:43 IST" duration-ms="1" status="PASS">
          <reporter-output>
          </reporter-output>
        </test-method> <!-- beforeMethod -->
        <test-method signature="dataPar(java.lang.String,java.lang.String)[pri:0, instance:testNGDemo.Annotations@443118b0]" started-at="2022-05-24T11:05:43 IST" name="dataPar" data-provider="getData" finished-at="2022-05-24T11:05:43 IST" duration-ms="2" status="PASS">
          <params>
            <param index="0">
              <value>
                <![CDATA[B]]>
              </value>
            </param>
            <param index="1">
              <value>
                <![CDATA[bZ]]>
              </value>
            </param>
          </params>
          <reporter-output>
          </reporter-output>
        </test-method> <!-- dataPar -->
        <test-method is-config="true" signature="afterMethod()[pri:0, instance:testNGDemo.Annotations@443118b0]" started-at="2022-05-24T11:05:43 IST" name="afterMethod" finished-at="2022-05-24T11:05:43 IST" duration-ms="1" status="PASS">
          <reporter-output>
          </reporter-output>
        </test-method> <!-- afterMethod -->
        <test-method is-config="true" signature="beforeMethod()[pri:0, instance:testNGDemo.Annotations@443118b0]" started-at="2022-05-24T11:05:43 IST" name="beforeMethod" finished-at="2022-05-24T11:05:43 IST" duration-ms="1" status="PASS">
          <reporter-output>
          </reporter-output>
        </test-method> <!-- beforeMethod -->
        <test-method signature="dataPar(java.lang.String,java.lang.String)[pri:0, instance:testNGDemo.Annotations@443118b0]" started-at="2022-05-24T11:05:43 IST" name="dataPar" data-provider="getData" finished-at="2022-05-24T11:05:43 IST" duration-ms="2" status="PASS">
          <params>
            <param index="0">
              <value>
                <![CDATA[C]]>
              </value>
            </param>
            <param index="1">
              <value>
                <![CDATA[cZ]]>
              </value>
            </param>
          </params>
          <reporter-output>
          </reporter-output>
        </test-method> <!-- dataPar -->
        <test-method is-config="true" signature="afterMethod()[pri:0, instance:testNGDemo.Annotations@443118b0]" started-at="2022-05-24T11:05:43 IST" name="afterMethod" finished-at="2022-05-24T11:05:43 IST" duration-ms="1" status="PASS">
          <reporter-output>
          </reporter-output>
        </test-method> <!-- afterMethod -->
        <test-method is-config="true" signature="beforeMethod()[pri:0, instance:testNGDemo.Annotations@443118b0]" started-at="2022-05-24T11:05:43 IST" name="beforeMethod" finished-at="2022-05-24T11:05:43 IST" duration-ms="1" status="PASS">
          <reporter-output>
          </reporter-output>
        </test-method> <!-- beforeMethod -->
        <test-method signature="test(java.lang.String)[pri:0, instance:testNGDemo.Annotations@443118b0]" started-at="2022-05-24T11:05:43 IST" name="test" finished-at="2022-05-24T11:05:43 IST" duration-ms="3" status="PASS">
          <params>
            <param index="0">
              <value>
                <![CDATA[https://www.google.com]]>
              </value>
            </param>
          </params>
          <reporter-output>
          </reporter-output>
        </test-method> <!-- test -->
        <test-method is-config="true" signature="afterMethod()[pri:0, instance:testNGDemo.Annotations@443118b0]" started-at="2022-05-24T11:05:43 IST" name="afterMethod" finished-at="2022-05-24T11:05:43 IST" duration-ms="0" status="PASS">
          <reporter-output>
          </reporter-output>
        </test-method> <!-- afterMethod -->
        <test-method is-config="true" signature="beforeMethod()[pri:0, instance:testNGDemo.Annotations@443118b0]" started-at="2022-05-24T11:05:43 IST" name="beforeMethod" finished-at="2022-05-24T11:05:43 IST" duration-ms="1" status="PASS">
          <reporter-output>
          </reporter-output>
        </test-method> <!-- beforeMethod -->
        <test-method signature="zTest(java.lang.String)[pri:0, instance:testNGDemo.Annotations@443118b0]" started-at="2022-05-24T11:05:43 IST" name="zTest" finished-at="2022-05-24T11:05:43 IST" duration-ms="5" status="PASS">
          <params>
            <param index="0">
              <value>
                <![CDATA[https://www.google.com]]>
              </value>
            </param>
          </params>
          <reporter-output>
          </reporter-output>
        </test-method> <!-- zTest -->
        <test-method is-config="true" signature="afterMethod()[pri:0, instance:testNGDemo.Annotations@443118b0]" started-at="2022-05-24T11:05:43 IST" name="afterMethod" finished-at="2022-05-24T11:05:43 IST" duration-ms="1" status="PASS">
          <reporter-output>
          </reporter-output>
        </test-method> <!-- afterMethod -->
        <test-method is-config="true" signature="beforeMethod()[pri:0, instance:testNGDemo.Annotations@443118b0]" started-at="2022-05-24T11:05:43 IST" name="beforeMethod" finished-at="2022-05-24T11:05:43 IST" duration-ms="1" status="PASS">
          <reporter-output>
          </reporter-output>
        </test-method> <!-- beforeMethod -->
        <test-method signature="dependsMethods(java.lang.String)[pri:0, instance:testNGDemo.Annotations@443118b0]" started-at="2022-05-24T11:05:43 IST" name="dependsMethods" finished-at="2022-05-24T11:05:43 IST" depends-on-methods="testNGDemo.Annotations.zTest" duration-ms="2" status="PASS">
          <params>
            <param index="0">
              <value>
                <![CDATA[https://www.google.com]]>
              </value>
            </param>
          </params>
          <reporter-output>
          </reporter-output>
        </test-method> <!-- dependsMethods -->
        <test-method is-config="true" signature="afterMethod()[pri:0, instance:testNGDemo.Annotations@443118b0]" started-at="2022-05-24T11:05:43 IST" name="afterMethod" finished-at="2022-05-24T11:05:43 IST" duration-ms="0" status="PASS">
          <reporter-output>
          </reporter-output>
        </test-method> <!-- afterMethod -->
        <test-method is-config="true" signature="afterClass()[pri:0, instance:testNGDemo.Annotations@443118b0]" started-at="2022-05-24T11:05:43 IST" name="afterClass" finished-at="2022-05-24T11:05:43 IST" duration-ms="0" status="PASS">
          <reporter-output>
          </reporter-output>
        </test-method> <!-- afterClass -->
        <test-method is-config="true" signature="afterTest()[pri:0, instance:testNGDemo.Annotations@443118b0]" started-at="2022-05-24T11:05:43 IST" name="afterTest" finished-at="2022-05-24T11:05:43 IST" duration-ms="0" status="PASS">
          <reporter-output>
          </reporter-output>
        </test-method> <!-- afterTest -->
        <test-method is-config="true" signature="afterSuite()[pri:0, instance:testNGDemo.Annotations@443118b0]" started-at="2022-05-24T11:05:43 IST" name="afterSuite" finished-at="2022-05-24T11:05:43 IST" duration-ms="1" status="PASS">
          <reporter-output>
          </reporter-output>
        </test-method> <!-- afterSuite -->
      </class> <!-- testNGDemo.Annotations -->
    </test> <!-- All -->
  </suite> <!-- Suite -->
</testng-results>
